<?xml version="1.0" encoding="UTF-8"?>
<!-- Generated by org.testng.reporters.JUnitReportReporter -->
<testsuite skipped="0" hostname="RSI1596" name="br.com.rsinet.hub.tdd.test.ConsultaDeProdutoTelaPrincipalTest" tests="1" failures="0" timestamp="2020-01-21T08:37:57 BRT" time="13.643" errors="0">
  <testcase name="pesquisaProdutoQuantidadeInvalidaTelaPrincipal" time="13.643" classname="br.com.rsinet.hub.tdd.test.ConsultaDeProdutoTelaPrincipalTest"/>
</testsuite> <!-- br.com.rsinet.hub.tdd.test.ConsultaDeProdutoTelaPrincipalTest -->
