<?xml version="1.0" encoding="UTF-8"?>
<!-- Generated by org.testng.reporters.JUnitReportReporter -->
<testsuite skipped="0" hostname="RSI1596" name="br.com.rsinet.hub.tdd.test.ConsultaDeProdutoTelaPrincipalTest" tests="2" failures="0" timestamp="2020-01-14T16:34:35 BRT" time="26.874" errors="0">
  <testcase name="pesquisaProdutoQuantidadeInvalidaTelaPrincipal" time="14.591" classname="br.com.rsinet.hub.tdd.test.ConsultaDeProdutoTelaPrincipalTest"/>
  <testcase name="pesquisaProdutoValidoTelaPrincipal" time="12.283" classname="br.com.rsinet.hub.tdd.test.ConsultaDeProdutoTelaPrincipalTest"/>
</testsuite> <!-- br.com.rsinet.hub.tdd.test.ConsultaDeProdutoTelaPrincipalTest -->
