<?xml version="1.0" encoding="UTF-8"?>
<!-- Generated by org.testng.reporters.JUnitReportReporter -->
<testsuite skipped="0" hostname="RSI1596" name="br.com.rsinet.hub.tdd.test.ConsultaDeProdutoCampoPesquisaTest" tests="2" failures="0" timestamp="2020-01-15T16:58:27 BRT" time="29.280" errors="0">
  <testcase name="pesquisaProdutoValidoCampoPesquisa" time="13.246" classname="br.com.rsinet.hub.tdd.test.ConsultaDeProdutoCampoPesquisaTest"/>
  <testcase name="pesquisaProdutoInvalidoCampoPesquisa" time="16.034" classname="br.com.rsinet.hub.tdd.test.ConsultaDeProdutoCampoPesquisaTest"/>
</testsuite> <!-- br.com.rsinet.hub.tdd.test.ConsultaDeProdutoCampoPesquisaTest -->
