<?xml version="1.0" encoding="UTF-8"?>
<!-- Generated by org.testng.reporters.JUnitReportReporter -->
<testsuite skipped="0" hostname="RSI1596" name="br.com.rsinet.hub.tdd.test.CadastroDeUsuarioTest" tests="2" failures="0" timestamp="2020-01-15T17:01:34 BRT" time="31.599" errors="0">
  <testcase name="cadastroDuplicado" time="15.026" classname="br.com.rsinet.hub.tdd.test.CadastroDeUsuarioTest"/>
  <testcase name="cadastro" time="16.573" classname="br.com.rsinet.hub.tdd.test.CadastroDeUsuarioTest"/>
</testsuite> <!-- br.com.rsinet.hub.tdd.test.CadastroDeUsuarioTest -->
