<?xml version="1.0" encoding="UTF-8"?>
<!-- Generated by org.testng.reporters.JUnitReportReporter -->
<testsuite skipped="0" hostname="RSI1596" name="br.com.rsinet.hub.tdd.test.CadastroDeUsuarioTest" tests="1" failures="0" timestamp="2020-01-21T15:40:14 BRT" time="16.958" errors="0">
  <testcase name="cadastro" time="16.958" classname="br.com.rsinet.hub.tdd.test.CadastroDeUsuarioTest"/>
</testsuite> <!-- br.com.rsinet.hub.tdd.test.CadastroDeUsuarioTest -->
