<?xml version="1.0" encoding="UTF-8"?>
<!-- Generated by org.testng.reporters.JUnitReportReporter -->
<testsuite skipped="0" hostname="RSI1596" name="br.com.rsinet.hub.tdd.test.CadastroDeUsuarioTest" tests="2" failures="0" timestamp="2020-01-27T13:54:15 BRT" time="35.170" errors="0">
  <testcase name="cadastro" time="17.050" classname="br.com.rsinet.hub.tdd.test.CadastroDeUsuarioTest"/>
  <testcase name="cadastroDuplicado" time="18.120" classname="br.com.rsinet.hub.tdd.test.CadastroDeUsuarioTest"/>
</testsuite> <!-- br.com.rsinet.hub.tdd.test.CadastroDeUsuarioTest -->
