<?xml version="1.0" encoding="UTF-8"?>
<!-- Generated by org.testng.reporters.JUnitReportReporter -->
<testsuite skipped="0" hostname="RSI1596" name="br.com.rsinet.hub.tdd.test.ConsultaDeProdutoTelaPrincipalTest" tests="2" failures="0" timestamp="2020-01-27T21:39:49 BRT" time="26.333" errors="0">
  <testcase name="pesquisaProdutoValidoTelaPrincipal" time="12.649" classname="br.com.rsinet.hub.tdd.test.ConsultaDeProdutoTelaPrincipalTest"/>
  <testcase name="pesquisaProdutoQuantidadeInvalidaTelaPrincipal" time="13.684" classname="br.com.rsinet.hub.tdd.test.ConsultaDeProdutoTelaPrincipalTest"/>
</testsuite> <!-- br.com.rsinet.hub.tdd.test.ConsultaDeProdutoTelaPrincipalTest -->
