<?xml version="1.0" encoding="UTF-8"?>
<!-- Generated by org.testng.reporters.JUnitReportReporter -->
<testsuite skipped="0" hostname="RSI1596" name="br.com.rsinet.hub.tdd.test.CadastroDeUsuarioTest" tests="2" failures="0" timestamp="2020-01-22T16:52:52 BRT" time="33.213" errors="0">
  <testcase name="cadastro" time="17.374" classname="br.com.rsinet.hub.tdd.test.CadastroDeUsuarioTest"/>
  <testcase name="cadastroDuplicado" time="15.839" classname="br.com.rsinet.hub.tdd.test.CadastroDeUsuarioTest"/>
</testsuite> <!-- br.com.rsinet.hub.tdd.test.CadastroDeUsuarioTest -->
