<?xml version="1.0" encoding="UTF-8"?>
<!-- Generated by org.testng.reporters.JUnitReportReporter -->
<testsuite skipped="0" hostname="RSI1596" name="br.com.rsinet.hub.tdd.test.ConsultaDeProdutoTelaPrincipalTest" tests="2" failures="0" timestamp="2020-01-24T16:05:03 BRT" time="24.747" errors="0">
  <testcase name="pesquisaProdutoValidoTelaPrincipal" time="12.687" classname="br.com.rsinet.hub.tdd.test.ConsultaDeProdutoTelaPrincipalTest"/>
  <testcase name="pesquisaProdutoQuantidadeInvalidaTelaPrincipal" time="12.060" classname="br.com.rsinet.hub.tdd.test.ConsultaDeProdutoTelaPrincipalTest"/>
</testsuite> <!-- br.com.rsinet.hub.tdd.test.ConsultaDeProdutoTelaPrincipalTest -->
