<?xml version="1.0" encoding="UTF-8"?>
<!-- Generated by org.testng.reporters.JUnitReportReporter -->
<testsuite skipped="0" hostname="RSI1596" name="br.com.rsinet.hub.tdd.test.ConsultaDeProdutoCampoPesquisaTest" tests="2" failures="0" timestamp="2020-01-24T16:05:03 BRT" time="27.258" errors="0">
  <testcase name="pesquisaProdutoInvalidoCampoPesquisa" time="13.505" classname="br.com.rsinet.hub.tdd.test.ConsultaDeProdutoCampoPesquisaTest"/>
  <testcase name="pesquisaProdutoValidoCampoPesquisa" time="13.753" classname="br.com.rsinet.hub.tdd.test.ConsultaDeProdutoCampoPesquisaTest"/>
</testsuite> <!-- br.com.rsinet.hub.tdd.test.ConsultaDeProdutoCampoPesquisaTest -->
