<?xml version="1.0" encoding="UTF-8"?>
<!-- Generated by org.testng.reporters.JUnitReportReporter -->
<testsuite skipped="0" hostname="RSI1596" name="br.com.rsinet.hub.tdd.test.ConsultaDeProdutoCampoPesquisaTest" tests="1" failures="0" timestamp="2020-01-21T08:27:56 BRT" time="14.570" errors="0">
  <testcase name="pesquisaProdutoInvalidoCampoPesquisa" time="14.570" classname="br.com.rsinet.hub.tdd.test.ConsultaDeProdutoCampoPesquisaTest"/>
</testsuite> <!-- br.com.rsinet.hub.tdd.test.ConsultaDeProdutoCampoPesquisaTest -->
